
============================================================
Date: 2025-09-15 13:40:53.203664+00:00
From: Amani John Tsuma (amanijohntsuma1@gmail.com)
Subject: gg
Message: gg
============================================================

============================================================
Date: 2025-09-15 13:47:28.874915+00:00
From: Amani John Tsuma (amanijohntsuma1@gmail.com)
Subject: hh
Message: hh
============================================================

============================================================
Date: 2025-09-15 13:49:17.306777+00:00
From: Meshak (meshakoramo@gmail.com)
Subject: greetings
Message: confirm
============================================================

============================================================
Date: 2025-09-15 13:56:13.814036+00:00
From: Amani John Tsuma (amanijohntsuma1@gmail.com)
Subject: vv
Message: vvv
============================================================

============================================================
Date: 2025-09-15 13:57:34.489451+00:00
From: Amani John Tsuma (amanijohntsuma1@gmail.com)
Subject: dd
Message: dd
============================================================

============================================================
Date: 2025-09-15 13:58:01.108135+00:00
From: Meshak (meshackokoth2019@gmail.com)
Subject: Hahsb
Message: Hhwuwbb
============================================================

============================================================
Date: 2025-09-15 14:12:52.756688+00:00
From: Amani John Tsuma (amanijohntsuma1@gmail.com)
Subject: Hello mkuu
Message: yooo
============================================================

============================================================
Date: 2025-09-15 18:03:43.317808+00:00
From: Amani John Tsuma (amanijohntsuma1@gmail.com)
Subject: ff
Message: ff
============================================================
